<?xml version="1.0" encoding="UTF-8"?>
<!-- Generated by org.testng.reporters.JUnitReportReporter -->
<testsuite hostname="AyazHassan" failures="0" tests="1" name="test.MainTest" time="4.428" errors="0" timestamp="2024-10-27T19:34:23 BDT" skipped="0">
  <testcase classname="test.MainTest" name="test" time="4.428"/>
  <system-out/>
</testsuite> <!-- test.MainTest -->
