<?xml version="1.0" encoding="UTF-8"?>
<!-- Generated by org.testng.reporters.JUnitReportReporter -->
<testsuite hostname="AyazHassan" failures="0" tests="1" name="test.MainTest" time="0.021" errors="0" timestamp="26 Oct 2024 12:26:08 GMT">
  <testcase classname="test.MainTest" name="test" time="0.021"/>
</testsuite> <!-- test.MainTest -->
